Log file open, 05/06/20 13:38:21
LogWindows: Failed to load 'aqProf.dll' (GetLastError=126)
LogWindows: File 'aqProf.dll' does not exist
LogWindows: Failed to load 'VtuneApi.dll' (GetLastError=126)
LogWindows: File 'VtuneApi.dll' does not exist
LogWindows: Failed to load 'VtuneApi32e.dll' (GetLastError=126)
LogWindows: File 'VtuneApi32e.dll' does not exist
LogConsoleResponse: Display: Failed to find resolution value strings in scalability ini. Falling back to default.
LogInit: Display: Running engine for game: NineMensMorris
LogPlatformFile: Not using cached read wrapper
LogTaskGraph: Started task graph with 5 named threads and 23 total threads with 3 sets of task threads.
LogStats: Stats thread started at 0.097053
LogD3D11RHI: Loaded GFSDK_Aftermath_Lib.x64.dll
LogICUInternationalization: ICU TimeZone Detection - Raw Offset: +0:00, Platform Override: ''
LogPluginManager: Mounting plugin Paper2D
LogPluginManager: Mounting plugin AISupport
LogPluginManager: Mounting plugin LightPropagationVolume
LogPluginManager: Mounting plugin ActorLayerUtilities
LogPluginManager: Mounting plugin AnimationSharing
LogPluginManager: Mounting plugin CLionSourceCodeAccess
LogPluginManager: Mounting plugin CodeLiteSourceCodeAccess
LogPluginManager: Mounting plugin GitSourceControl
LogPluginManager: Mounting plugin KDevelopSourceCodeAccess
LogPluginManager: Mounting plugin NullSourceCodeAccess
LogPluginManager: Mounting plugin PerforceSourceControl
LogPluginManager: Mounting plugin PlasticSourceControl
LogPluginManager: Mounting plugin SubversionSourceControl
LogPluginManager: Mounting plugin UObjectPlugin
LogPluginManager: Mounting plugin VisualStudioCodeSourceCodeAccess
LogPluginManager: Mounting plugin VisualStudioSourceCodeAccess
LogPluginManager: Mounting plugin XCodeSourceCodeAccess
LogPluginManager: Mounting plugin AssetManagerEditor
LogPluginManager: Mounting plugin CryptoKeys
LogPluginManager: Mounting plugin CurveEditorTools
LogPluginManager: Mounting plugin DataValidation
LogPluginManager: Mounting plugin FacialAnimation
LogPluginManager: Mounting plugin GameplayTagsEditor
LogPluginManager: Mounting plugin MacGraphicsSwitching
LogPluginManager: Mounting plugin MaterialAnalyzer
LogPluginManager: Mounting plugin MobileLauncherProfileWizard
LogPluginManager: Mounting plugin PluginBrowser
LogPluginManager: Mounting plugin SpeedTreeImporter
LogPluginManager: Mounting plugin DatasmithContent
LogPluginManager: Mounting plugin VariantManagerContent
LogPluginManager: Mounting plugin AlembicImporter
LogPluginManager: Mounting plugin AutomationUtils
LogPluginManager: Mounting plugin BackChannel
LogPluginManager: Mounting plugin CharacterAI
LogPluginManager: Mounting plugin GeometryCache
LogPluginManager: Mounting plugin PlatformCrypto
LogPluginManager: Mounting plugin ProxyLODPlugin
LogPluginManager: Mounting plugin SkeletalReduction
LogPluginManager: Mounting plugin MagicLeap
LogPluginManager: Mounting plugin MagicLeapMedia
LogPluginManager: Mounting plugin MLSDK
LogPluginManager: Mounting plugin AndroidMedia
LogPluginManager: Mounting plugin AvfMedia
LogPluginManager: Mounting plugin ImgMedia
LogPluginManager: Mounting plugin MediaCompositing
LogPluginManager: Mounting plugin MediaPlayerEditor
LogPluginManager: Mounting plugin WebMMedia
LogPluginManager: Mounting plugin WmfMedia
LogPluginManager: Mounting plugin TcpMessaging
LogPluginManager: Mounting plugin UdpMessaging
LogPluginManager: Mounting plugin ActorSequence
LogPluginManager: Mounting plugin LevelSequenceEditor
LogPluginManager: Mounting plugin MatineeToLevelSequence
LogPluginManager: Mounting plugin NetcodeUnitTest
LogPluginManager: Mounting plugin NUTUnrealEngine4
LogPluginManager: Mounting plugin OnlineSubsystemGooglePlay
LogPluginManager: Mounting plugin OnlineSubsystemIOS
LogPluginManager: Mounting plugin OnlineSubsystem
LogPluginManager: Mounting plugin OnlineSubsystemNull
LogPluginManager: Mounting plugin OnlineSubsystemUtils
LogPluginManager: Mounting plugin LauncherChunkInstaller
LogPluginManager: Mounting plugin AndroidDeviceProfileSelector
LogPluginManager: Mounting plugin AndroidMoviePlayer
LogPluginManager: Mounting plugin AndroidPermission
LogPluginManager: Mounting plugin AppleImageUtils
LogPluginManager: Mounting plugin AppleMoviePlayer
LogPluginManager: Mounting plugin ArchVisCharacter
LogPluginManager: Mounting plugin AssetTags
LogPluginManager: Mounting plugin AudioCapture
LogPluginManager: Mounting plugin CableComponent
LogPluginManager: Mounting plugin CustomMeshComponent
LogPluginManager: Mounting plugin EditableMesh
LogPluginManager: Mounting plugin ExampleDeviceProfileSelector
LogPluginManager: Mounting plugin GoogleCloudMessaging
LogPluginManager: Mounting plugin IOSDeviceProfileSelector
LogPluginManager: Mounting plugin LinuxDeviceProfileSelector
LogPluginManager: Mounting plugin LocationServicesBPLibrary
LogPluginManager: Mounting plugin MobilePatchingUtils
LogPluginManager: Mounting plugin OculusVR
LogPluginManager: Mounting plugin PhysXVehicles
LogPluginManager: Mounting plugin PostSplashScreen
LogPluginManager: Mounting plugin ProceduralMeshComponent
LogPluginManager: Mounting plugin RuntimePhysXCooking
LogPluginManager: Mounting plugin SignificanceManager
LogPluginManager: Mounting plugin SteamVR
LogPluginManager: Mounting plugin WebMMoviePlayer
LogPluginManager: Mounting plugin WindowsMoviePlayer
LogPluginManager: Mounting plugin ScreenshotTools
LogInit: Using libcurl 7.55.1-DEV
LogInit:  - built for x86_64-pc-win32
LogInit:  - supports SSL with OpenSSL/1.1.1
LogInit:  - supports HTTP deflate (compression) using libz 1.2.8
LogInit:  - other features:
LogInit:      CURL_VERSION_SSL
LogInit:      CURL_VERSION_LIBZ
LogInit:      CURL_VERSION_IPV6
LogInit:      CURL_VERSION_ASYNCHDNS
LogInit:      CURL_VERSION_LARGEFILE
LogInit:      CURL_VERSION_IDN
LogInit:  CurlRequestOptions (configurable via config and command line):
LogInit:  - bVerifyPeer = true  - Libcurl will verify peer certificate
LogInit:  - bUseHttpProxy = false  - Libcurl will NOT use HTTP proxy
LogInit:  - bDontReuseConnections = false  - Libcurl will reuse connections
LogInit:  - MaxHostConnections = 16  - Libcurl will limit the number of connections to a host
LogInit:  - LocalHostAddr = Default
LogInit:  - BufferSize = 65536
LogOnline: OSS: Creating online subsystem instance for: NULL
LogInit: WinSock: version 1.1 (2.2), MaxSocks=32767, MaxUdp=65467
LogOnline: OSS: TryLoadSubsystemAndSetDefault: Loaded subsystem for module [NULL]
LogInit: Build: ++UE4+Release-4.24-CL-11100242
LogInit: Engine Version: 4.24.2-11100242+++UE4+Release-4.24
LogInit: Compatible Engine Version: 4.24.0-10570792+++UE4+Release-4.24
LogInit: Net CL: 10570792
LogInit: OS: Windows 10 (Release 1903) (), CPU:         Intel(R) Core(TM) i7-2600 CPU @ 3.40GHz, GPU: NVIDIA GeForce GTX 1050
LogInit: Compiled (64-bit): Jan 24 2020 02:05:53
LogInit: Compiled with Visual C++: 19.16.27032.01
LogInit: Build Configuration: Development
LogInit: Branch Name: ++UE4+Release-4.24
LogInit: Command Line:  -EpicPortal -epicusername=Yooneasz -epicuserid=5bc1a4b70b0340dcb9379fd422f2d677 -epiclocale=pl
LogInit: Base Directory: D:/UE4/UE_4.24/Engine/Binaries/Win64/
LogInit: Installed Engine Build: 1
LogDevObjectVersion: Number of dev versions registered: 25
LogDevObjectVersion:   Dev-Blueprints (B0D832E4-1F89-4F0D-ACCF-7EB736FD4AA2): 10
LogDevObjectVersion:   Dev-Build (E1C64328-A22C-4D53-A36C-8E866417BD8C): 0
LogDevObjectVersion:   Dev-Core (375EC13C-06E4-48FB-B500-84F0262A717E): 3
LogDevObjectVersion:   Dev-Editor (E4B068ED-F494-42E9-A231-DA0B2E46BB41): 37
LogDevObjectVersion:   Dev-Framework (CFFC743F-43B0-4480-9391-14DF171D2073): 36
LogDevObjectVersion:   Dev-Mobile (B02B49B5-BB20-44E9-A304-32B752E40360): 2
LogDevObjectVersion:   Dev-Networking (A4E4105C-59A1-49B5-A7C5-40C4547EDFEE): 0
LogDevObjectVersion:   Dev-Online (39C831C9-5AE6-47DC-9A44-9C173E1C8E7C): 0
LogDevObjectVersion:   Dev-Physics (78F01B33-EBEA-4F98-B9B4-84EACCB95AA2): 2
LogDevObjectVersion:   Dev-Platform (6631380F-2D4D-43E0-8009-CF276956A95A): 0
LogDevObjectVersion:   Dev-Rendering (12F88B9F-8875-4AFC-A67C-D90C383ABD29): 36
LogDevObjectVersion:   Dev-Sequencer (7B5AE74C-D270-4C10-A958-57980B212A5A): 11
LogDevObjectVersion:   Dev-VR (D7296918-1DD6-4BDD-9DE2-64A83CC13884): 2
LogDevObjectVersion:   Dev-LoadTimes (C2A15278-BFE7-4AFE-6C17-90FF531DF755): 1
LogDevObjectVersion:   Private-Geometry (6EACA3D4-40EC-4CC1-B786-8BED09428FC5): 3
LogDevObjectVersion:   Dev-AnimPhys (29E575DD-E0A3-4627-9D10-D276232CDCEA): 17
LogDevObjectVersion:   Dev-Anim (AF43A65D-7FD3-4947-9873-3E8ED9C1BB05): 2
LogDevObjectVersion:   Dev-ReflectionCapture (6B266CEC-1EC7-4B8F-A30B-E4D90942FC07): 1
LogDevObjectVersion:   Dev-Automation (0DF73D61-A23F-47EA-B727-89E90C41499A): 1
LogDevObjectVersion:   FortniteMain (601D1886-AC64-4F84-AA16-D3DE0DEAC7D6): 31
LogDevObjectVersion:   Dev-Enterprise (9DFFBCD6-494F-0158-E221-12823C92A888): 8
LogDevObjectVersion:   Dev-Niagara (F2AED0AC-9AFE-416F-8664-AA7FFA26D6FC): 1
LogDevObjectVersion:   Dev-Destruction (174F1F0B-B4C6-45A5-B13F-2EE8D0FB917D): 9
LogDevObjectVersion:   Dev-Physics-Ext (35F94A83-E258-406C-A318-09F59610247C): 8
LogDevObjectVersion:   Dev-CineCamera (B2E18506-4273-CFC2-A54E-F4BB758BBA07): 1
LogInit: Presizing for max 25165824 objects, including 0 objects not considered by GC, pre-allocating 0 bytes for permanent pool.
LogInit: Object subsystem initialized
LogConfig: Setting CVar [[con.DebugEarlyDefault:1]]
LogConfig: Setting CVar [[r.setres:1280x720]]
[2020.05.06-12.38.21:481][  0]LogConfig: Setting CVar [[r.VSync:0]]
[2020.05.06-12.38.21:481][  0]LogConfig: Setting CVar [[r.RHICmdBypass:0]]
[2020.05.06-12.38.21:481][  0]LogConfig: Applying CVar settings from Section [/Script/Engine.RendererSettings] File [D:/UE4/Projects/NineMensMorris/Saved/Config/Windows/Engine.ini]
[2020.05.06-12.38.21:481][  0]LogConfig: Setting CVar [[r.GPUCrashDebugging:0]]
[2020.05.06-12.38.21:481][  0]LogConfig: Applying CVar settings from Section [/Script/Engine.RendererOverrideSettings] File [D:/UE4/Projects/NineMensMorris/Saved/Config/Windows/Engine.ini]
[2020.05.06-12.38.21:481][  0]LogConfig: Applying CVar settings from Section [/Script/Engine.StreamingSettings] File [D:/UE4/Projects/NineMensMorris/Saved/Config/Windows/Engine.ini]
[2020.05.06-12.38.21:481][  0]LogConfig: Setting CVar [[s.MinBulkDataSizeForAsyncLoading:131072]]
[2020.05.06-12.38.21:481][  0]LogConfig: Setting CVar [[s.AsyncLoadingThreadEnabled:0]]
[2020.05.06-12.38.21:481][  0]LogConfig: Setting CVar [[s.EventDrivenLoaderEnabled:1]]
[2020.05.06-12.38.21:481][  0]LogConfig: Setting CVar [[s.WarnIfTimeLimitExceeded:0]]
[2020.05.06-12.38.21:481][  0]LogConfig: Setting CVar [[s.TimeLimitExceededMultiplier:1.5]]
[2020.05.06-12.38.21:481][  0]LogConfig: Setting CVar [[s.TimeLimitExceededMinTime:0.005]]
[2020.05.06-12.38.21:481][  0]LogConfig: Setting CVar [[s.UseBackgroundLevelStreaming:1]]
[2020.05.06-12.38.21:481][  0]LogConfig: Setting CVar [[s.PriorityAsyncLoadingExtraTime:15.0]]
[2020.05.06-12.38.21:481][  0]LogConfig: Setting CVar [[s.LevelStreamingActorsUpdateTimeLimit:5.0]]
[2020.05.06-12.38.21:481][  0]LogConfig: Setting CVar [[s.PriorityLevelStreamingActorsUpdateExtraTime:5.0]]
[2020.05.06-12.38.21:481][  0]LogConfig: Setting CVar [[s.LevelStreamingComponentsRegistrationGranularity:10]]
[2020.05.06-12.38.21:481][  0]LogConfig: Setting CVar [[s.UnregisterComponentsTimeLimit:1.0]]
[2020.05.06-12.38.21:481][  0]LogConfig: Setting CVar [[s.LevelStreamingComponentsUnregistrationGranularity:5]]
[2020.05.06-12.38.21:481][  0]LogConfig: Setting CVar [[s.FlushStreamingOnExit:1]]
[2020.05.06-12.38.21:481][  0]LogConfig: Applying CVar settings from Section [/Script/Engine.GarbageCollectionSettings] File [D:/UE4/Projects/NineMensMorris/Saved/Config/Windows/Engine.ini]
[2020.05.06-12.38.21:481][  0]LogConfig: Setting CVar [[gc.MaxObjectsNotConsideredByGC:1]]
[2020.05.06-12.38.21:481][  0]LogConfig: Setting CVar [[gc.SizeOfPermanentObjectPool:0]]
[2020.05.06-12.38.21:481][  0]LogConfig: Setting CVar [[gc.FlushStreamingOnGC:0]]
[2020.05.06-12.38.21:481][  0]LogConfig: Setting CVar [[gc.NumRetriesBeforeForcingGC:10]]
[2020.05.06-12.38.21:481][  0]LogConfig: Setting CVar [[gc.AllowParallelGC:1]]
[2020.05.06-12.38.21:481][  0]LogConfig: Setting CVar [[gc.TimeBetweenPurgingPendingKillObjects:61.1]]
[2020.05.06-12.38.21:481][  0]LogConfig: Setting CVar [[gc.MaxObjectsInEditor:25165824]]
[2020.05.06-12.38.21:481][  0]LogConfig: Setting CVar [[gc.IncrementalBeginDestroyEnabled:1]]
[2020.05.06-12.38.21:481][  0]LogConfig: Setting CVar [[gc.CreateGCClusters:1]]
[2020.05.06-12.38.21:481][  0]LogConfig: Setting CVar [[gc.MinGCClusterSize:5]]
[2020.05.06-12.38.21:481][  0]LogConfig: Setting CVar [[gc.ActorClusteringEnabled:0]]
[2020.05.06-12.38.21:481][  0]LogConfig: Setting CVar [[gc.BlueprintClusteringEnabled:0]]
[2020.05.06-12.38.21:481][  0]LogConfig: Setting CVar [[gc.UseDisregardForGCOnDedicatedServers:0]]
[2020.05.06-12.38.21:481][  0]LogConfig: Applying CVar settings from Section [/Script/Engine.NetworkSettings] File [D:/UE4/Projects/NineMensMorris/Saved/Config/Windows/Engine.ini]
[2020.05.06-12.38.21:481][  0]LogConfig: Applying CVar settings from Section [/Script/UnrealEd.CookerSettings] File [D:/UE4/Projects/NineMensMorris/Saved/Config/Windows/Engine.ini]
[2020.05.06-12.38.21:485][  0]LogConfig: Applying CVar settings from Section [ViewDistanceQuality@3] File [D:/UE4/Projects/NineMensMorris/Saved/Config/Windows/Scalability.ini]
[2020.05.06-12.38.21:485][  0]LogConfig: Setting CVar [[r.SkeletalMeshLODBias:0]]
[2020.05.06-12.38.21:485][  0]LogConfig: Setting CVar [[r.ViewDistanceScale:1.0]]
[2020.05.06-12.38.21:485][  0]LogConfig: Applying CVar settings from Section [AntiAliasingQuality@3] File [D:/UE4/Projects/NineMensMorris/Saved/Config/Windows/Scalability.ini]
[2020.05.06-12.38.21:485][  0]LogConfig: Setting CVar [[r.PostProcessAAQuality:4]]
[2020.05.06-12.38.21:485][  0]LogConfig: Applying CVar settings from Section [ShadowQuality@3] File [D:/UE4/Projects/NineMensMorris/Saved/Config/Windows/Scalability.ini]
[2020.05.06-12.38.21:485][  0]LogConfig: Setting CVar [[r.LightFunctionQuality:1]]
[2020.05.06-12.38.21:485][  0]LogConfig: Setting CVar [[r.ShadowQuality:5]]
[2020.05.06-12.38.21:485][  0]LogConfig: Setting CVar [[r.Shadow.CSM.MaxCascades:10]]
[2020.05.06-12.38.21:485][  0]LogConfig: Setting CVar [[r.Shadow.MaxResolution:2048]]
[2020.05.06-12.38.21:485][  0]LogConfig: Setting CVar [[r.Shadow.MaxCSMResolution:2048]]
[2020.05.06-12.38.21:485][  0]LogConfig: Setting CVar [[r.Shadow.RadiusThreshold:0.01]]
[2020.05.06-12.38.21:485][  0]LogConfig: Setting CVar [[r.Shadow.DistanceScale:1.0]]
[2020.05.06-12.38.21:485][  0]LogConfig: Setting CVar [[r.Shadow.CSM.TransitionScale:1.0]]
[2020.05.06-12.38.21:485][  0]LogConfig: Setting CVar [[r.Shadow.PreShadowResolutionFactor:1.0]]
[2020.05.06-12.38.21:485][  0]LogConfig: Setting CVar [[r.DistanceFieldShadowing:1]]
[2020.05.06-12.38.21:485][  0]LogConfig: Setting CVar [[r.DistanceFieldAO:1]]
[2020.05.06-12.38.21:486][  0]LogConfig: Setting CVar [[r.AOQuality:2]]
[2020.05.06-12.38.21:486][  0]LogConfig: Setting CVar [[r.VolumetricFog:1]]
[2020.05.06-12.38.21:486][  0]LogConfig: Setting CVar [[r.VolumetricFog.GridPixelSize:8]]
[2020.05.06-12.38.21:486][  0]LogConfig: Setting CVar [[r.VolumetricFog.GridSizeZ:128]]
[2020.05.06-12.38.21:486][  0]LogConfig: Setting CVar [[r.VolumetricFog.HistoryMissSupersampleCount:4]]
[2020.05.06-12.38.21:486][  0]LogConfig: Setting CVar [[r.LightMaxDrawDistanceScale:1]]
[2020.05.06-12.38.21:486][  0]LogConfig: Setting CVar [[r.CapsuleShadows:1]]
[2020.05.06-12.38.21:486][  0]LogConfig: Applying CVar settings from Section [PostProcessQuality@3] File [D:/UE4/Projects/NineMensMorris/Saved/Config/Windows/Scalability.ini]
[2020.05.06-12.38.21:486][  0]LogConfig: Setting CVar [[r.MotionBlurQuality:4]]
[2020.05.06-12.38.21:486][  0]LogConfig: Setting CVar [[r.AmbientOcclusionMipLevelFactor:0.4]]
[2020.05.06-12.38.21:486][  0]LogConfig: Setting CVar [[r.AmbientOcclusionMaxQuality:100]]
[2020.05.06-12.38.21:486][  0]LogConfig: Setting CVar [[r.AmbientOcclusionLevels:-1]]
[2020.05.06-12.38.21:486][  0]LogConfig: Setting CVar [[r.AmbientOcclusionRadiusScale:1.0]]
[2020.05.06-12.38.21:486][  0]LogConfig: Setting CVar [[r.DepthOfFieldQuality:2]]
[2020.05.06-12.38.21:486][  0]LogConfig: Setting CVar [[r.RenderTargetPoolMin:400]]
[2020.05.06-12.38.21:486][  0]LogConfig: Setting CVar [[r.LensFlareQuality:2]]
[2020.05.06-12.38.21:486][  0]LogConfig: Setting CVar [[r.SceneColorFringeQuality:1]]
[2020.05.06-12.38.21:486][  0]LogConfig: Setting CVar [[r.EyeAdaptationQuality:2]]
[2020.05.06-12.38.21:486][  0]LogConfig: Setting CVar [[r.BloomQuality:5]]
[2020.05.06-12.38.21:486][  0]LogConfig: Setting CVar [[r.FastBlurThreshold:100]]
[2020.05.06-12.38.21:486][  0]LogConfig: Setting CVar [[r.Upscale.Quality:3]]
[2020.05.06-12.38.21:486][  0]LogConfig: Setting CVar [[r.Tonemapper.GrainQuantization:1]]
[2020.05.06-12.38.21:486][  0]LogConfig: Setting CVar [[r.LightShaftQuality:1]]
[2020.05.06-12.38.21:486][  0]LogConfig: Setting CVar [[r.Filter.SizeScale:1]]
[2020.05.06-12.38.21:486][  0]LogConfig: Setting CVar [[r.Tonemapper.Quality:5]]
[2020.05.06-12.38.21:486][  0]LogConfig: Setting CVar [[r.DOF.Gather.AccumulatorQuality:1        ; higher gathering accumulator quality]]
[2020.05.06-12.38.21:486][  0]LogConfig: Setting CVar [[r.DOF.Gather.PostfilterMethod:1          ; Median3x3 postfilering method]]
[2020.05.06-12.38.21:486][  0]LogConfig: Setting CVar [[r.DOF.Gather.EnableBokehSettings:0       ; no bokeh simulation when gathering]]
[2020.05.06-12.38.21:486][  0]LogConfig: Setting CVar [[r.DOF.Gather.RingCount:4                 ; medium number of samples when gathering]]
[2020.05.06-12.38.21:486][  0]LogConfig: Setting CVar [[r.DOF.Scatter.ForegroundCompositing:1    ; additive foreground scattering]]
[2020.05.06-12.38.21:486][  0]LogConfig: Setting CVar [[r.DOF.Scatter.BackgroundCompositing:2    ; additive background scattering]]
[2020.05.06-12.38.21:486][  0]LogConfig: Setting CVar [[r.DOF.Scatter.EnableBokehSettings:1      ; bokeh simulation when scattering]]
[2020.05.06-12.38.21:486][  0]LogConfig: Setting CVar [[r.DOF.Scatter.MaxSpriteRatio:0.1         ; only a maximum of 10% of scattered bokeh]]
[2020.05.06-12.38.21:486][  0]LogConfig: Setting CVar [[r.DOF.Recombine.Quality:1                ; cheap slight out of focus]]
[2020.05.06-12.38.21:486][  0]LogConfig: Setting CVar [[r.DOF.Recombine.EnableBokehSettings:0    ; no bokeh simulation on slight out of focus]]
[2020.05.06-12.38.21:486][  0]LogConfig: Setting CVar [[r.DOF.TemporalAAQuality:1                ; more stable temporal accumulation]]
[2020.05.06-12.38.21:486][  0]LogConfig: Setting CVar [[r.DOF.Kernel.MaxForegroundRadius:0.025]]
[2020.05.06-12.38.21:486][  0]LogConfig: Setting CVar [[r.DOF.Kernel.MaxBackgroundRadius:0.025]]
[2020.05.06-12.38.21:486][  0]LogConfig: Applying CVar settings from Section [TextureQuality@3] File [D:/UE4/Projects/NineMensMorris/Saved/Config/Windows/Scalability.ini]
[2020.05.06-12.38.21:486][  0]LogConfig: Setting CVar [[r.Streaming.MipBias:0]]
[2020.05.06-12.38.21:486][  0]LogConfig: Setting CVar [[r.Streaming.AmortizeCPUToGPUCopy:0]]
[2020.05.06-12.38.21:486][  0]LogConfig: Setting CVar [[r.Streaming.MaxNumTexturesToStreamPerFrame:0]]
[2020.05.06-12.38.21:486][  0]LogConfig: Setting CVar [[r.Streaming.Boost:1]]
[2020.05.06-12.38.21:486][  0]LogConfig: Setting CVar [[r.MaxAnisotropy:8]]
[2020.05.06-12.38.21:486][  0]LogConfig: Setting CVar [[r.VT.MaxAnisotropy:8]]
[2020.05.06-12.38.21:486][  0]LogConfig: Setting CVar [[r.Streaming.LimitPoolSizeToVRAM:0]]
[2020.05.06-12.38.21:486][  0]LogConfig: Setting CVar [[r.Streaming.PoolSize:1000]]
[2020.05.06-12.38.21:486][  0]LogConfig: Setting CVar [[r.Streaming.MaxEffectiveScreenSize:0]]
[2020.05.06-12.38.21:486][  0]LogConfig: Applying CVar settings from Section [EffectsQuality@3] File [D:/UE4/Projects/NineMensMorris/Saved/Config/Windows/Scalability.ini]
[2020.05.06-12.38.21:486][  0]LogConfig: Setting CVar [[r.TranslucencyLightingVolumeDim:64]]
[2020.05.06-12.38.21:486][  0]LogConfig: Setting CVar [[r.RefractionQuality:2]]
[2020.05.06-12.38.21:487][  0]LogConfig: Setting CVar [[r.SSR.Quality:3]]
[2020.05.06-12.38.21:487][  0]LogConfig: Setting CVar [[r.SSR.HalfResSceneColor:0]]
[2020.05.06-12.38.21:487][  0]LogConfig: Setting CVar [[r.SceneColorFormat:4]]
[2020.05.06-12.38.21:487][  0]LogConfig: Setting CVar [[r.DetailMode:2]]
[2020.05.06-12.38.21:487][  0]LogConfig: Setting CVar [[r.TranslucencyVolumeBlur:1]]
[2020.05.06-12.38.21:487][  0]LogConfig: Setting CVar [[r.MaterialQualityLevel:1 ; High quality]]
[2020.05.06-12.38.21:487][  0]LogConfig: Setting CVar [[r.SSS.Scale:1]]
[2020.05.06-12.38.21:487][  0]LogConfig: Setting CVar [[r.SSS.SampleSet:2]]
[2020.05.06-12.38.21:487][  0]LogConfig: Setting CVar [[r.SSS.Quality:1]]
[2020.05.06-12.38.21:487][  0]LogConfig: Setting CVar [[r.SSS.HalfRes:1]]
[2020.05.06-12.38.21:487][  0]LogConfig: Setting CVar [[r.SSGI.Quality:3]]
[2020.05.06-12.38.21:487][  0]LogConfig: Setting CVar [[r.EmitterSpawnRateScale:1.0]]
[2020.05.06-12.38.21:487][  0]LogConfig: Setting CVar [[r.ParticleLightQuality:2]]
[2020.05.06-12.38.21:487][  0]LogConfig: Setting CVar [[r.SkyAtmosphere.AerialPerspectiveLUT.FastApplyOnOpaque:1 ; Always have FastSkyLUT 1 in this case to avoid wrong sky]]
[2020.05.06-12.38.21:487][  0]LogConfig: Setting CVar [[r.SkyAtmosphere.AerialPerspectiveLUT.SampleCountPerSlice:1]]
[2020.05.06-12.38.21:487][  0]LogConfig: Setting CVar [[r.SkyAtmosphere.AerialPerspectiveLUT.DepthResolution:16.0]]
[2020.05.06-12.38.21:487][  0]LogConfig: Setting CVar [[r.SkyAtmosphere.FastSkyLUT:1]]
[2020.05.06-12.38.21:487][  0]LogConfig: Setting CVar [[r.SkyAtmosphere.FastSkyLUT.SampleCountMin:4.0]]
[2020.05.06-12.38.21:487][  0]LogConfig: Setting CVar [[r.SkyAtmosphere.FastSkyLUT.SampleCountMax:32.0]]
[2020.05.06-12.38.21:487][  0]LogConfig: Setting CVar [[r.SkyAtmosphere.SampleCountMin:4.0]]
[2020.05.06-12.38.21:487][  0]LogConfig: Setting CVar [[r.SkyAtmosphere.SampleCountMax:32.0]]
[2020.05.06-12.38.21:487][  0]LogConfig: Setting CVar [[r.SkyAtmosphere.TransmittanceLUT.UseSmallFormat:0]]
[2020.05.06-12.38.21:487][  0]LogConfig: Setting CVar [[r.SkyAtmosphere.TransmittanceLUT.SampleCount:10.0]]
[2020.05.06-12.38.21:487][  0]LogConfig: Setting CVar [[r.SkyAtmosphere.MultiScatteringLUT.SampleCount:15.0]]
[2020.05.06-12.38.21:487][  0]LogConfig: Applying CVar settings from Section [FoliageQuality@3] File [D:/UE4/Projects/NineMensMorris/Saved/Config/Windows/Scalability.ini]
[2020.05.06-12.38.21:487][  0]LogConfig: Setting CVar [[foliage.DensityScale:1.0]]
[2020.05.06-12.38.21:487][  0]LogConfig: Setting CVar [[grass.DensityScale:1.0]]
[2020.05.06-12.38.21:487][  0]LogConfig: Applying CVar settings from Section [ShadingQuality@3] File [D:/UE4/Projects/NineMensMorris/Saved/Config/Windows/Scalability.ini]
[2020.05.06-12.38.21:487][  0]LogConfig: Setting CVar [[r.HairStrands.SkyLighting.SampleCount:16]]
[2020.05.06-12.38.21:487][  0]LogConfig: Setting CVar [[r.HairStrands.SkyLighting.JitterIntegration:0]]
[2020.05.06-12.38.21:487][  0]LogConfig: Setting CVar [[r.HairStrands.SkyAO.SampleCount:16]]
[2020.05.06-12.38.21:487][  0]LogInit: Selected Device Profile: [Windows]
[2020.05.06-12.38.21:487][  0]LogInit: Applying CVar settings loaded from the selected device profile: [Windows]
[2020.05.06-12.38.21:491][  0]LogHAL: Display: Platform has ~ 16 GB [17132249088 / 17179869184 / 16], which maps to Larger [LargestMinGB=32, LargerMinGB=12, DefaultMinGB=8, SmallerMinGB=6, SmallestMinGB=0)
[2020.05.06-12.38.21:491][  0]LogInit: Going up to parent DeviceProfile []
[2020.05.06-12.38.21:491][  0]LogConfig: Applying CVar settings from Section [ViewDistanceQuality@3] File [D:/UE4/Projects/NineMensMorris/Saved/Config/Windows/Scalability.ini]
[2020.05.06-12.38.21:491][  0]LogConfig: Setting CVar [[r.SkeletalMeshLODBias:0]]
[2020.05.06-12.38.21:491][  0]LogConfig: Setting CVar [[r.ViewDistanceScale:1.0]]
[2020.05.06-12.38.21:491][  0]LogConfig: Applying CVar settings from Section [AntiAliasingQuality@3] File [D:/UE4/Projects/NineMensMorris/Saved/Config/Windows/Scalability.ini]
[2020.05.06-12.38.21:491][  0]LogConfig: Setting CVar [[r.PostProcessAAQuality:4]]
[2020.05.06-12.38.21:491][  0]LogConfig: Applying CVar settings from Section [ShadowQuality@3] File [D:/UE4/Projects/NineMensMorris/Saved/Config/Windows/Scalability.ini]
[2020.05.06-12.38.21:491][  0]LogConfig: Setting CVar [[r.LightFunctionQuality:1]]
[2020.05.06-12.38.21:491][  0]LogConfig: Setting CVar [[r.ShadowQuality:5]]
[2020.05.06-12.38.21:491][  0]LogConfig: Setting CVar [[r.Shadow.CSM.MaxCascades:10]]
[2020.05.06-12.38.21:491][  0]LogConfig: Setting CVar [[r.Shadow.MaxResolution:2048]]
[2020.05.06-12.38.21:491][  0]LogConfig: Setting CVar [[r.Shadow.MaxCSMResolution:2048]]
[2020.05.06-12.38.21:491][  0]LogConfig: Setting CVar [[r.Shadow.RadiusThreshold:0.01]]
[2020.05.06-12.38.21:491][  0]LogConfig: Setting CVar [[r.Shadow.DistanceScale:1.0]]
[2020.05.06-12.38.21:491][  0]LogConfig: Setting CVar [[r.Shadow.CSM.TransitionScale:1.0]]
[2020.05.06-12.38.21:491][  0]LogConfig: Setting CVar [[r.Shadow.PreShadowResolutionFactor:1.0]]
[2020.05.06-12.38.21:491][  0]LogConfig: Setting CVar [[r.DistanceFieldShadowing:1]]
[2020.05.06-12.38.21:492][  0]LogConfig: Setting CVar [[r.DistanceFieldAO:1]]
[2020.05.06-12.38.21:492][  0]LogConfig: Setting CVar [[r.AOQuality:2]]
[2020.05.06-12.38.21:492][  0]LogConfig: Setting CVar [[r.VolumetricFog:1]]
[2020.05.06-12.38.21:492][  0]LogConfig: Setting CVar [[r.VolumetricFog.GridPixelSize:8]]
[2020.05.06-12.38.21:492][  0]LogConfig: Setting CVar [[r.VolumetricFog.GridSizeZ:128]]
[2020.05.06-12.38.21:492][  0]LogConfig: Setting CVar [[r.VolumetricFog.HistoryMissSupersampleCount:4]]
[2020.05.06-12.38.21:492][  0]LogConfig: Setting CVar [[r.LightMaxDrawDistanceScale:1]]
[2020.05.06-12.38.21:492][  0]LogConfig: Setting CVar [[r.CapsuleShadows:1]]
[2020.05.06-12.38.21:492][  0]LogConfig: Applying CVar settings from Section [PostProcessQuality@3] File [D:/UE4/Projects/NineMensMorris/Saved/Config/Windows/Scalability.ini]
[2020.05.06-12.38.21:492][  0]LogConfig: Setting CVar [[r.MotionBlurQuality:4]]
[2020.05.06-12.38.21:492][  0]LogConfig: Setting CVar [[r.AmbientOcclusionMipLevelFactor:0.4]]
[2020.05.06-12.38.21:492][  0]LogConfig: Setting CVar [[r.AmbientOcclusionMaxQuality:100]]
[2020.05.06-12.38.21:492][  0]LogConfig: Setting CVar [[r.AmbientOcclusionLevels:-1]]
[2020.05.06-12.38.21:492][  0]LogConfig: Setting CVar [[r.AmbientOcclusionRadiusScale:1.0]]
[2020.05.06-12.38.21:492][  0]LogConfig: Setting CVar [[r.DepthOfFieldQuality:2]]
[2020.05.06-12.38.21:492][  0]LogConfig: Setting CVar [[r.RenderTargetPoolMin:400]]
[2020.05.06-12.38.21:492][  0]LogConfig: Setting CVar [[r.LensFlareQuality:2]]
[2020.05.06-12.38.21:492][  0]LogConfig: Setting CVar [[r.SceneColorFringeQuality:1]]
[2020.05.06-12.38.21:492][  0]LogConfig: Setting CVar [[r.EyeAdaptationQuality:2]]
[2020.05.06-12.38.21:492][  0]LogConfig: Setting CVar [[r.BloomQuality:5]]
[2020.05.06-12.38.21:492][  0]LogConfig: Setting CVar [[r.FastBlurThreshold:100]]
[2020.05.06-12.38.21:492][  0]LogConfig: Setting CVar [[r.Upscale.Quality:3]]
[2020.05.06-12.38.21:492][  0]LogConfig: Setting CVar [[r.Tonemapper.GrainQuantization:1]]
[2020.05.06-12.38.21:492][  0]LogConfig: Setting CVar [[r.LightShaftQuality:1]]
[2020.05.06-12.38.21:492][  0]LogConfig: Setting CVar [[r.Filter.SizeScale:1]]
[2020.05.06-12.38.21:492][  0]LogConfig: Setting CVar [[r.Tonemapper.Quality:5]]
[2020.05.06-12.38.21:492][  0]LogConfig: Setting CVar [[r.DOF.Gather.AccumulatorQuality:1        ; higher gathering accumulator quality]]
[2020.05.06-12.38.21:492][  0]LogConfig: Setting CVar [[r.DOF.Gather.PostfilterMethod:1          ; Median3x3 postfilering method]]
[2020.05.06-12.38.21:492][  0]LogConfig: Setting CVar [[r.DOF.Gather.EnableBokehSettings:0       ; no bokeh simulation when gathering]]
[2020.05.06-12.38.21:492][  0]LogConfig: Setting CVar [[r.DOF.Gather.RingCount:4                 ; medium number of samples when gathering]]
[2020.05.06-12.38.21:492][  0]LogConfig: Setting CVar [[r.DOF.Scatter.ForegroundCompositing:1    ; additive foreground scattering]]
[2020.05.06-12.38.21:492][  0]LogConfig: Setting CVar [[r.DOF.Scatter.BackgroundCompositing:2    ; additive background scattering]]
[2020.05.06-12.38.21:492][  0]LogConfig: Setting CVar [[r.DOF.Scatter.EnableBokehSettings:1      ; bokeh simulation when scattering]]
[2020.05.06-12.38.21:492][  0]LogConfig: Setting CVar [[r.DOF.Scatter.MaxSpriteRatio:0.1         ; only a maximum of 10% of scattered bokeh]]
[2020.05.06-12.38.21:492][  0]LogConfig: Setting CVar [[r.DOF.Recombine.Quality:1                ; cheap slight out of focus]]
[2020.05.06-12.38.21:492][  0]LogConfig: Setting CVar [[r.DOF.Recombine.EnableBokehSettings:0    ; no bokeh simulation on slight out of focus]]
[2020.05.06-12.38.21:492][  0]LogConfig: Setting CVar [[r.DOF.TemporalAAQuality:1                ; more stable temporal accumulation]]
[2020.05.06-12.38.21:492][  0]LogConfig: Setting CVar [[r.DOF.Kernel.MaxForegroundRadius:0.025]]
[2020.05.06-12.38.21:492][  0]LogConfig: Setting CVar [[r.DOF.Kernel.MaxBackgroundRadius:0.025]]
[2020.05.06-12.38.21:492][  0]LogConfig: Applying CVar settings from Section [TextureQuality@3] File [D:/UE4/Projects/NineMensMorris/Saved/Config/Windows/Scalability.ini]
[2020.05.06-12.38.21:492][  0]LogConfig: Setting CVar [[r.Streaming.MipBias:0]]
[2020.05.06-12.38.21:492][  0]LogConfig: Setting CVar [[r.Streaming.AmortizeCPUToGPUCopy:0]]
[2020.05.06-12.38.21:492][  0]LogConfig: Setting CVar [[r.Streaming.MaxNumTexturesToStreamPerFrame:0]]
[2020.05.06-12.38.21:492][  0]LogConfig: Setting CVar [[r.Streaming.Boost:1]]
[2020.05.06-12.38.21:492][  0]LogConfig: Setting CVar [[r.MaxAnisotropy:8]]
[2020.05.06-12.38.21:492][  0]LogConfig: Setting CVar [[r.VT.MaxAnisotropy:8]]
[2020.05.06-12.38.21:492][  0]LogConfig: Setting CVar [[r.Streaming.LimitPoolSizeToVRAM:0]]
[2020.05.06-12.38.21:493][  0]LogConfig: Setting CVar [[r.Streaming.PoolSize:1000]]
[2020.05.06-12.38.21:493][  0]LogConfig: Setting CVar [[r.Streaming.MaxEffectiveScreenSize:0]]
[2020.05.06-12.38.21:493][  0]LogConfig: Applying CVar settings from Section [EffectsQuality@3] File [D:/UE4/Projects/NineMensMorris/Saved/Config/Windows/Scalability.ini]
[2020.05.06-12.38.21:493][  0]LogConfig: Setting CVar [[r.TranslucencyLightingVolumeDim:64]]
[2020.05.06-12.38.21:493][  0]LogConfig: Setting CVar [[r.RefractionQuality:2]]
[2020.05.06-12.38.21:493][  0]LogConfig: Setting CVar [[r.SSR.Quality:3]]
[2020.05.06-12.38.21:493][  0]LogConfig: Setting CVar [[r.SSR.HalfResSceneColor:0]]
[2020.05.06-12.38.21:493][  0]LogConfig: Setting CVar [[r.SceneColorFormat:4]]
[2020.05.06-12.38.21:493][  0]LogConfig: Setting CVar [[r.DetailMode:2]]
[2020.05.06-12.38.21:493][  0]LogConfig: Setting CVar [[r.TranslucencyVolumeBlur:1]]
[2020.05.06-12.38.21:493][  0]LogConfig: Setting CVar [[r.MaterialQualityLevel:1 ; High quality]]
[2020.05.06-12.38.21:493][  0]LogConfig: Setting CVar [[r.SSS.Scale:1]]
[2020.05.06-12.38.21:493][  0]LogConfig: Setting CVar [[r.SSS.SampleSet:2]]
[2020.05.06-12.38.21:493][  0]LogConfig: Setting CVar [[r.SSS.Quality:1]]
[2020.05.06-12.38.21:493][  0]LogConfig: Setting CVar [[r.SSS.HalfRes:1]]
[2020.05.06-12.38.21:493][  0]LogConfig: Setting CVar [[r.SSGI.Quality:3]]
[2020.05.06-12.38.21:493][  0]LogConfig: Setting CVar [[r.EmitterSpawnRateScale:1.0]]
[2020.05.06-12.38.21:493][  0]LogConfig: Setting CVar [[r.ParticleLightQuality:2]]
[2020.05.06-12.38.21:493][  0]LogConfig: Setting CVar [[r.SkyAtmosphere.AerialPerspectiveLUT.FastApplyOnOpaque:1 ; Always have FastSkyLUT 1 in this case to avoid wrong sky]]
[2020.05.06-12.38.21:493][  0]LogConfig: Setting CVar [[r.SkyAtmosphere.AerialPerspectiveLUT.SampleCountPerSlice:1]]
[2020.05.06-12.38.21:493][  0]LogConfig: Setting CVar [[r.SkyAtmosphere.AerialPerspectiveLUT.DepthResolution:16.0]]
[2020.05.06-12.38.21:493][  0]LogConfig: Setting CVar [[r.SkyAtmosphere.FastSkyLUT:1]]
[2020.05.06-12.38.21:493][  0]LogConfig: Setting CVar [[r.SkyAtmosphere.FastSkyLUT.SampleCountMin:4.0]]
[2020.05.06-12.38.21:493][  0]LogConfig: Setting CVar [[r.SkyAtmosphere.FastSkyLUT.SampleCountMax:32.0]]
[2020.05.06-12.38.21:493][  0]LogConfig: Setting CVar [[r.SkyAtmosphere.SampleCountMin:4.0]]
[2020.05.06-12.38.21:493][  0]LogConfig: Setting CVar [[r.SkyAtmosphere.SampleCountMax:32.0]]
[2020.05.06-12.38.21:493][  0]LogConfig: Setting CVar [[r.SkyAtmosphere.TransmittanceLUT.UseSmallFormat:0]]
[2020.05.06-12.38.21:493][  0]LogConfig: Setting CVar [[r.SkyAtmosphere.TransmittanceLUT.SampleCount:10.0]]
[2020.05.06-12.38.21:493][  0]LogConfig: Setting CVar [[r.SkyAtmosphere.MultiScatteringLUT.SampleCount:15.0]]
[2020.05.06-12.38.21:493][  0]LogConfig: Applying CVar settings from Section [FoliageQuality@3] File [D:/UE4/Projects/NineMensMorris/Saved/Config/Windows/Scalability.ini]
[2020.05.06-12.38.21:493][  0]LogConfig: Setting CVar [[foliage.DensityScale:1.0]]
[2020.05.06-12.38.21:493][  0]LogConfig: Setting CVar [[grass.DensityScale:1.0]]
[2020.05.06-12.38.21:493][  0]LogConfig: Applying CVar settings from Section [ShadingQuality@3] File [D:/UE4/Projects/NineMensMorris/Saved/Config/Windows/Scalability.ini]
[2020.05.06-12.38.21:493][  0]LogConfig: Setting CVar [[r.HairStrands.SkyLighting.SampleCount:16]]
[2020.05.06-12.38.21:493][  0]LogConfig: Setting CVar [[r.HairStrands.SkyLighting.JitterIntegration:0]]
[2020.05.06-12.38.21:493][  0]LogConfig: Setting CVar [[r.HairStrands.SkyAO.SampleCount:16]]
[2020.05.06-12.38.21:493][  0]LogConfig: Applying CVar settings from Section [Startup] File [../../../Engine/Config/ConsoleVariables.ini]
[2020.05.06-12.38.21:493][  0]LogConfig: Setting CVar [[net.UseAdaptiveNetUpdateFrequency:0]]
[2020.05.06-12.38.21:493][  0]LogConfig: Setting CVar [[p.chaos.AllowCreatePhysxBodies:1]]
[2020.05.06-12.38.21:493][  0]LogConfig: Applying CVar settings from Section [ConsoleVariables] File [D:/UE4/Projects/NineMensMorris/Saved/Config/Windows/Engine.ini]
[2020.05.06-12.38.21:494][  0]LogInit: Computer: DESKTOP-2I2MK5S
[2020.05.06-12.38.21:494][  0]LogInit: User: Norbert
[2020.05.06-12.38.21:494][  0]LogInit: CPU Page size=4096, Cores=4
[2020.05.06-12.38.21:494][  0]LogInit: High frequency timer resolution =10.000000 MHz
[2020.05.06-12.38.21:494][  0]LogMemory: Memory total: Physical=16.0GB (16GB approx)
[2020.05.06-12.38.21:494][  0]LogMemory: Platform Memory Stats for Windows
[2020.05.06-12.38.21:494][  0]LogMemory: Process Physical Memory: 108.59 MB used, 108.59 MB peak
[2020.05.06-12.38.21:494][  0]LogMemory: Process Virtual Memory: 100.93 MB used, 100.93 MB peak
[2020.05.06-12.38.21:494][  0]LogMemory: Physical Memory: 6575.77 MB used,  9762.82 MB free, 16338.59 MB total
[2020.05.06-12.38.21:494][  0]LogMemory: Virtual Memory: 5138.08 MB used,  134212592.00 MB free, 134217728.00 MB total
[2020.05.06-12.38.21:497][  0]LogWindows: WindowsPlatformFeatures enabled
[2020.05.06-12.38.21:522][  0]LogInit: Using OS detected language (pl-PL).
[2020.05.06-12.38.21:523][  0]LogInit: Using OS detected locale (pl-PL).
[2020.05.06-12.38.21:524][  0]LogTextLocalizationManager: No specific localization for 'pl-PL' exists, so the 'pl' localization will be used.
[2020.05.06-12.38.21:524][  0]LogTextLocalizationResource: LocRes '../../../Engine/Content/Localization/Editor/pl/Editor.locres' could not be opened for reading!
[2020.05.06-12.38.21:524][  0]LogTextLocalizationResource: LocRes '../../../Engine/Content/Localization/EditorTutorials/pl/EditorTutorials.locres' could not be opened for reading!
[2020.05.06-12.38.21:524][  0]LogTextLocalizationResource: LocRes '../../../Engine/Content/Localization/Keywords/pl/Keywords.locres' could not be opened for reading!
[2020.05.06-12.38.21:524][  0]LogTextLocalizationResource: LocRes '../../../Engine/Content/Localization/Category/pl/Category.locres' could not be opened for reading!
[2020.05.06-12.38.21:524][  0]LogTextLocalizationResource: LocRes '../../../Engine/Content/Localization/ToolTips/pl/ToolTips.locres' could not be opened for reading!
[2020.05.06-12.38.21:525][  0]LogTextLocalizationResource: LocRes '../../../Engine/Content/Localization/PropertyNames/pl/PropertyNames.locres' could not be opened for reading!
[2020.05.06-12.38.21:525][  0]LogTextLocalizationResource: LocRes '../../../Engine/Content/Localization/Engine/pl/Engine.locres' could not be opened for reading!
[2020.05.06-12.38.21:526][  0]LogInit: Setting process to per monitor DPI aware
[2020.05.06-12.38.21:564][  0]LogSlate: New Slate User Created.  User Index 0, Is Virtual User: 0
[2020.05.06-12.38.21:564][  0]LogSlate: Slate User Registered.  User Index 0, Is Virtual User: 0
[2020.05.06-12.38.21:808][  0]LogHMD: Failed to initialize OpenVR with code 110
[2020.05.06-12.38.21:808][  0]LogD3D11RHI: D3D11 min allowed feature level: 11_0
[2020.05.06-12.38.21:808][  0]LogD3D11RHI: D3D11 max allowed feature level: 11_0
[2020.05.06-12.38.21:808][  0]LogD3D11RHI: D3D11 adapters:
[2020.05.06-12.38.21:914][  0]LogD3D11RHI:    0. 'NVIDIA GeForce GTX 1050' (Feature Level 11_0)
[2020.05.06-12.38.21:914][  0]LogD3D11RHI:       1977/0/8169 MB DedicatedVideo/DedicatedSystem/SharedSystem, Outputs:1, VendorId:0x10de
[2020.05.06-12.38.21:918][  0]LogD3D11RHI:    1. 'Microsoft Basic Render Driver' (Feature Level 11_0)
[2020.05.06-12.38.21:918][  0]LogD3D11RHI:       0/0/8169 MB DedicatedVideo/DedicatedSystem/SharedSystem, Outputs:0, VendorId:0x1414
[2020.05.06-12.38.21:918][  0]LogD3D11RHI: Chosen D3D11 Adapter: 0
[2020.05.06-12.38.21:926][  0]LogD3D11RHI: Creating new Direct3DDevice
[2020.05.06-12.38.21:926][  0]LogD3D11RHI:     GPU DeviceId: 0x1c81 (for the marketing name, search the web for "GPU Device Id")
[2020.05.06-12.38.21:926][  0]LogWindows: EnumDisplayDevices:
[2020.05.06-12.38.21:926][  0]LogWindows:    0. 'NVIDIA GeForce GTX 1050' (P:1 D:1)
[2020.05.06-12.38.21:927][  0]LogWindows:    1. 'NVIDIA GeForce GTX 1050' (P:0 D:0)
[2020.05.06-12.38.21:928][  0]LogWindows:    2. 'NVIDIA GeForce GTX 1050' (P:0 D:0)
[2020.05.06-12.38.21:928][  0]LogWindows:    3. 'NVIDIA GeForce GTX 1050' (P:0 D:0)
[2020.05.06-12.38.21:929][  0]LogWindows: DebugString: FoundDriverCount:4 
[2020.05.06-12.38.21:929][  0]LogD3D11RHI:     Adapter Name: NVIDIA GeForce GTX 1050
[2020.05.06-12.38.21:929][  0]LogD3D11RHI:   Driver Version: 442.50 (internal:26.21.14.4250, unified:442.50)
[2020.05.06-12.38.21:929][  0]LogD3D11RHI:      Driver Date: 2-24-2020
[2020.05.06-12.38.21:929][  0]LogRHI: Texture pool is 1384 MB (70% of 1977 MB)
[2020.05.06-12.38.22:001][  0]LogD3D11RHI: RHI has support for 64 bit atomics
[2020.05.06-12.38.22:001][  0]LogD3D11RHI: Async texture creation enabled
[2020.05.06-12.38.22:042][  0]LogD3D11RHI: GPU Timing Frequency: 1000.000000 (Debug: 2 1)
[2020.05.06-12.38.22:465][  0]LogTargetPlatformManager: Display: Loaded TargetPlatform 'AllDesktop'
[2020.05.06-12.38.22:499][  0]LogTargetPlatformManager: Display: Loaded TargetPlatform 'Android'
[2020.05.06-12.38.22:499][  0]LogTargetPlatformManager: Display: Loaded TargetPlatform 'Android_ASTC'
[2020.05.06-12.38.22:499][  0]LogTargetPlatformManager: Display: Loaded TargetPlatform 'Android_ATC'
[2020.05.06-12.38.22:499][  0]LogTargetPlatformManager: Display: Loaded TargetPlatform 'Android_DXT'
[2020.05.06-12.38.22:499][  0]LogTargetPlatformManager: Display: Loaded TargetPlatform 'Android_ETC1'
[2020.05.06-12.38.22:499][  0]LogTargetPlatformManager: Display: Loaded TargetPlatform 'Android_ETC1a'
[2020.05.06-12.38.22:499][  0]LogTargetPlatformManager: Display: Loaded TargetPlatform 'Android_ETC2'
[2020.05.06-12.38.22:499][  0]LogTargetPlatformManager: Display: Loaded TargetPlatform 'Android_PVRTC'
[2020.05.06-12.38.22:499][  0]LogTargetPlatformManager: Display: Loaded TargetPlatform 'AndroidClient'
[2020.05.06-12.38.22:499][  0]LogTargetPlatformManager: Display: Loaded TargetPlatform 'Android_ASTCClient'
[2020.05.06-12.38.22:499][  0]LogTargetPlatformManager: Display: Loaded TargetPlatform 'Android_ATCClient'
[2020.05.06-12.38.22:499][  0]LogTargetPlatformManager: Display: Loaded TargetPlatform 'Android_DXTClient'
[2020.05.06-12.38.22:499][  0]LogTargetPlatformManager: Display: Loaded TargetPlatform 'Android_ETC1Client'
[2020.05.06-12.38.22:499][  0]LogTargetPlatformManager: Display: Loaded TargetPlatform 'Android_ETC1aClient'
[2020.05.06-12.38.22:499][  0]LogTargetPlatformManager: Display: Loaded TargetPlatform 'Android_ETC2Client'
[2020.05.06-12.38.22:499][  0]LogTargetPlatformManager: Display: Loaded TargetPlatform 'Android_PVRTCClient'
[2020.05.06-12.38.22:499][  0]LogTargetPlatformManager: Display: Loaded TargetPlatform 'Android_Multi'
[2020.05.06-12.38.22:499][  0]LogTargetPlatformManager: Display: Loaded TargetPlatform 'Android_MultiClient'
[2020.05.06-12.38.22:523][  0]LogTargetPlatformManager: Display: Loaded TargetPlatform 'IOSClient'
[2020.05.06-12.38.22:523][  0]LogTargetPlatformManager: Display: Loaded TargetPlatform 'IOS'
[2020.05.06-12.38.22:532][  0]LogTargetPlatformManager: Display: Loaded TargetPlatform 'LinuxNoEditor'
[2020.05.06-12.38.22:541][  0]LogTargetPlatformManager: Display: Loaded TargetPlatform 'LinuxClient'
[2020.05.06-12.38.22:550][  0]LogTargetPlatformManager: Display: Loaded TargetPlatform 'LinuxServer'
[2020.05.06-12.38.22:559][  0]LogTargetPlatformManager: Display: Loaded TargetPlatform 'LinuxAArch64NoEditor'
[2020.05.06-12.38.22:568][  0]LogTargetPlatformManager: Display: Loaded TargetPlatform 'LinuxAArch64Client'
[2020.05.06-12.38.22:577][  0]LogTargetPlatformManager: Display: Loaded TargetPlatform 'LinuxAArch64Server'
[2020.05.06-12.38.22:612][  0]LogTargetPlatformManager: Display: Loaded TargetPlatform 'Lumin'
[2020.05.06-12.38.22:613][  0]LogTargetPlatformManager: Display: Loaded TargetPlatform 'LuminClient'
[2020.05.06-12.38.22:629][  0]LogTargetPlatformManager: Display: Loaded TargetPlatform 'TVOSClient'
[2020.05.06-12.38.22:629][  0]LogTargetPlatformManager: Display: Loaded TargetPlatform 'TVOS'
[2020.05.06-12.38.22:638][  0]LogTargetPlatformManager: Display: Loaded TargetPlatform 'WindowsNoEditor'
[2020.05.06-12.38.22:648][  0]LogTargetPlatformManager: Display: Loaded TargetPlatform 'Windows'
[2020.05.06-12.38.22:656][  0]LogTargetPlatformManager: Display: Loaded TargetPlatform 'WindowsClient'
[2020.05.06-12.38.22:665][  0]LogTargetPlatformManager: Display: Loaded TargetPlatform 'WindowsServer'
[2020.05.06-12.38.22:665][  0]LogTargetPlatformManager: Display: Building Assets For Windows
[2020.05.06-12.38.22:670][  0]LogAudioDebug: Display: Lib vorbis DLL was dynamically loaded.
[2020.05.06-12.38.22:696][  0]LogShaderCompilers: Guid format shader working directory is 13 characters bigger than the processId version (../../../../Projects/NineMensMorris/Intermediate/Shaders/WorkingDirectory/3308/).
[2020.05.06-12.38.22:697][  0]LogShaderCompilers: Cleaned the shader compiler working directory 'C:/Users/Norbert/AppData/Local/Temp/UnrealShaderWorkingDir/B28FCD914202BF675F4926B70612A6A5/'.
[2020.05.06-12.38.22:697][  0]LogXGEController: Cannot use XGE Controller as Incredibuild is not installed on this machine.
[2020.05.06-12.38.22:697][  0]LogShaderCompilers: Cannot use XGE Shader Compiler as Incredibuild is not installed on this machine.
[2020.05.06-12.38.22:697][  0]LogShaderCompilers: Display: Using Local Shader Compiler.
[2020.05.06-12.38.23:678][  0]LogDerivedDataCache: Display: Max Cache Size: 512 MB
[2020.05.06-12.38.23:759][  0]LogDerivedDataCache: Loaded boot cache 0.08s 78MB C:/Users/Norbert/AppData/Local/UnrealEngine/4.24/DerivedDataCache/Boot.ddc.
[2020.05.06-12.38.23:759][  0]LogDerivedDataCache: Display: Loaded Boot cache: C:/Users/Norbert/AppData/Local/UnrealEngine/4.24/DerivedDataCache/Boot.ddc
[2020.05.06-12.38.23:759][  0]LogDerivedDataCache: FDerivedDataBackendGraph:  Pak pak cache file ../../../../Projects/NineMensMorris/DerivedDataCache/DDC.ddp not found, will not use a pak cache.
[2020.05.06-12.38.23:759][  0]LogDerivedDataCache: Unable to find inner node Pak for hierarchical cache Hierarchy.
[2020.05.06-12.38.23:759][  0]LogDerivedDataCache: FDerivedDataBackendGraph:  CompressedPak pak cache file ../../../../Projects/NineMensMorris/DerivedDataCache/Compressed.ddp not found, will not use a pak cache.
[2020.05.06-12.38.23:759][  0]LogDerivedDataCache: Unable to find inner node CompressedPak for hierarchical cache Hierarchy.
[2020.05.06-12.38.23:772][  0]LogDerivedDataCache: Display: Pak cache opened for reading ../../../Engine/DerivedDataCache/Compressed.ddp.
[2020.05.06-12.38.23:772][  0]LogDerivedDataCache: FDerivedDataBackendGraph:  EnterprisePak pak cache file ../../../Enterprise/DerivedDataCache/Compressed.ddp not found, will not use a pak cache.
[2020.05.06-12.38.23:772][  0]LogDerivedDataCache: Unable to find inner node EnterprisePak for hierarchical cache Hierarchy.
[2020.05.06-12.38.23:774][  0]LogDerivedDataCache: Using Local data cache path C:/Users/Norbert/AppData/Local/UnrealEngine/Common/DerivedDataCache: Writable
[2020.05.06-12.38.23:774][  0]LogDerivedDataCache: Shared data cache path not found in *engine.ini, will not use an Shared cache.
[2020.05.06-12.38.23:774][  0]LogDerivedDataCache: Unable to find inner node Shared for hierarchical cache Hierarchy.
[2020.05.06-12.38.23:806][  0]LogMaterial: Verifying Global Shaders for PCD3D_SM5
[2020.05.06-12.38.23:810][  0]LogSlate: Using FreeType 2.10.0
[2020.05.06-12.38.23:810][  0]LogSlate: SlateFontServices - WITH_FREETYPE: 1, WITH_HARFBUZZ: 1
[2020.05.06-12.38.23:879][  0]LogAssetRegistry: FAssetRegistry took 0.0030 seconds to start up
[2020.05.06-12.38.24:282][  0]LogInit: Selected Device Profile: [Windows]
[2020.05.06-12.38.24:490][  0]LogMeshReduction: Using QuadricMeshReduction for automatic static mesh reduction
[2020.05.06-12.38.24:490][  0]LogMeshReduction: Using SimplygonMeshReduction for automatic skeletal mesh reduction
[2020.05.06-12.38.24:490][  0]LogMeshReduction: Using ProxyLODMeshReduction for automatic mesh merging
[2020.05.06-12.38.24:490][  0]LogMeshReduction: No distributed automatic mesh merging module available
[2020.05.06-12.38.24:490][  0]LogMeshMerging: No distributed automatic mesh merging module available
[2020.05.06-12.38.24:505][  0]LogNetVersion: NineMensMorris 1.0.0, NetCL: 10570792, EngineNetVer: 13, GameNetVer: 0 (Checksum: 1897202250)
[2020.05.06-12.38.25:999][  0]LogPackageLocalizationCache: Processed 10 localized package path(s) for 1 prioritized culture(s) in 0.088393 seconds
[2020.05.06-12.38.26:008][  0]LogUObjectArray: 46750 objects as part of root set at end of initial load.
[2020.05.06-12.38.26:008][  0]LogUObjectAllocator: 8137160 out of 0 bytes used by permanent object pool.
[2020.05.06-12.38.26:008][  0]LogUObjectArray: CloseDisregardForGC: 0/0 objects in disregard for GC pool
[2020.05.06-12.38.26:508][  0]LogTcpMessaging: Initializing TcpMessaging bridge
[2020.05.06-12.38.26:512][  0]LogUdpMessaging: Initializing bridge on interface 0.0.0.0:0 to multicast group 230.0.0.1:6666.
[2020.05.06-12.38.26:578][  0]SourceControl: Source control is disabled
[2020.05.06-12.38.26:578][  0]SourceControl: Source control is disabled
[2020.05.06-12.38.26:579][  0]SourceControl: Source control is disabled
[2020.05.06-12.38.26:580][  0]SourceControl: Source control is disabled
[2020.05.06-12.38.26:581][  0]SourceControl: Source control is disabled
[2020.05.06-12.38.26:682][  0]LogAndroidPermission: UAndroidPermissionCallbackProxy::GetInstance
[2020.05.06-12.38.26:698][  0]LogAudioCaptureCore: Display: No Audio Capture implementations found. Audio input will be silent.
[2020.05.06-12.38.26:698][  0]LogAudioCaptureCore: Display: No Audio Capture implementations found. Audio input will be silent.
[2020.05.06-12.38.26:808][  0]LogOcInput: OculusInput pre-init called
[2020.05.06-12.38.26:816][  0]LogWindows: Failed to load 'OVRPlugin.dll' (GetLastError=126)
[2020.05.06-12.38.26:816][  0]LogWindows: File 'OVRPlugin.dll' does not exist
[2020.05.06-12.38.26:901][  0]LogEngine: Initializing Engine...
[2020.05.06-12.38.26:902][  0]LogHMD: Failed to initialize OpenVR with code 110
[2020.05.06-12.38.26:903][  0]LogStats: UGameplayTagsManager::InitializeManager -  0.000 s
[2020.05.06-12.38.27:365][  0]LogInit: Initializing FReadOnlyCVARCache
[2020.05.06-12.38.27:377][  0]LogAIModule: Creating AISystem for world Untitled
[2020.05.06-12.38.27:397][  0]LogAudioMixer: Display: Audio Mixer Platform Settings:
[2020.05.06-12.38.27:397][  0]LogAudioMixer: Display: 	Sample Rate:						  48000
[2020.05.06-12.38.27:397][  0]LogAudioMixer: Display: 	Callback Buffer Frame Size Requested: 1024
[2020.05.06-12.38.27:397][  0]LogAudioMixer: Display: 	Callback Buffer Frame Size To Use:	  1024
[2020.05.06-12.38.27:397][  0]LogAudioMixer: Display: 	Number of buffers to queue:			  2
[2020.05.06-12.38.27:397][  0]LogAudioMixer: Display: 	Max Channels (voices):				  32
[2020.05.06-12.38.27:397][  0]LogAudioMixer: Display: 	Number of Async Source Workers:		  0
[2020.05.06-12.38.27:397][  0]LogAudio: Display: AudioDevice MaxSources: 32
[2020.05.06-12.38.27:397][  0]LogAudio: Display: Using built-in audio occlusion.
[2020.05.06-12.38.27:397][  0]LogAudioMixer: Display: Initializing audio mixer.
[2020.05.06-12.38.27:433][  0]LogAudioMixer: Display: Audio Device Output Speaker Info:
[2020.05.06-12.38.27:433][  0]LogAudioMixer: Display: Name: Speakers (2 — High Definition Audio Device)
[2020.05.06-12.38.27:433][  0]LogAudioMixer: Display: Is Default: Yes
[2020.05.06-12.38.27:433][  0]LogAudioMixer: Display: Sample Rate: 48000
[2020.05.06-12.38.27:433][  0]LogAudioMixer: Display: Channel Count Used: 2
[2020.05.06-12.38.27:433][  0]LogAudioMixer: Display: Device Channel Count: 2
[2020.05.06-12.38.27:433][  0]LogAudioMixer: Display: Channel Order:
[2020.05.06-12.38.27:433][  0]LogAudioMixer: Display: 0: FrontLeft
[2020.05.06-12.38.27:433][  0]LogAudioMixer: Display: 1: FrontRight
[2020.05.06-12.38.27:457][  0]LogAudioMixer: Display: Using Audio Device Speakers (2 — High Definition Audio Device)
[2020.05.06-12.38.27:463][  0]LogInit: FAudioDevice initialized.
[2020.05.06-12.38.27:463][  0]LogNetVersion: Set ProjectVersion to 1.0.0.0. Version Checksum will be recalculated on next use.
[2020.05.06-12.38.27:589][  0]LogDerivedDataCache: Saved boot cache 0.13s 78MB C:/Users/Norbert/AppData/Local/UnrealEngine/4.24/DerivedDataCache/Boot.ddc.
[2020.05.06-12.38.27:595][  0]LogInit: Texture streaming: Enabled
[2020.05.06-12.38.27:607][  0]LogEngineSessionManager: EngineSessionManager initialized
[2020.05.06-12.38.27:607][  0]LogEditorSessionSummary: Verbose: Initializing EditorSessionSummaryWriter for editor session tracking
[2020.05.06-12.38.27:610][  0]LogEditorSessionSummary: EditorSessionSummaryWriter initialized
[2020.05.06-12.38.27:747][  0]LogInit: Transaction tracking system initialized
[2020.05.06-12.38.27:763][  0]BlueprintLog: New page: Editor Load
[2020.05.06-12.38.27:802][  0]LocalizationService: Localization service is disabled
[2020.05.06-12.38.28:159][  0]LogFileCache: Scanning file cache for directory 'D:/UE4/Projects/NineMensMorris/Content/' took 0.01s
[2020.05.06-12.38.28:159][  0]LogCook: Display: Max memory allowance for cook 16384mb min free memory 0mb
[2020.05.06-12.38.28:159][  0]LogCook: Display: Mobile HDR setting 1
[2020.05.06-12.38.29:070][  0]SourceControl: Source control is disabled
[2020.05.06-12.38.29:070][  0]Cmd: MAP LOAD FILE="../../../../Projects/NineMensMorris/Content/PuzzleBP/Maps/PuzzleExampleMap.umap" TEMPLATE=0 SHOWPROGRESS=1 FEATURELEVEL=3
[2020.05.06-12.38.29:071][  0]LightingResults: New page: Lighting Build
[2020.05.06-12.38.29:071][  0]LogWorld: UWorld::CleanupWorld for Untitled, bSessionEnded=true, bCleanupResources=true
[2020.05.06-12.38.29:071][  0]LogSlate: InvalidateAllWidgets triggered.  All widgets were invalidated
[2020.05.06-12.38.29:072][  0]MapCheck: New page: Map Check
[2020.05.06-12.38.29:072][  0]LightingResults: New page: Lighting Build
[2020.05.06-12.38.29:098][  0]LogUObjectHash: Compacting FUObjectHashTables data took   2.77ms
[2020.05.06-12.38.30:358][  0]LogAIModule: Creating AISystem for world PuzzleExampleMap
[2020.05.06-12.38.30:544][  0]LogEditorServer: Finished looking for orphan Actors (0.000 secs)
[2020.05.06-12.38.30:615][  0]LogUObjectHash: Compacting FUObjectHashTables data took   3.19ms
[2020.05.06-12.38.30:616][  0]Cmd: MAP CHECKDEP NOCLEARLOG
[2020.05.06-12.38.30:616][  0]MapCheck: Map check complete: 0 Error(s), 0 Warning(s), took 0,141ms to complete.
[2020.05.06-12.38.30:616][  0]LogFileHelpers: Loading map 'PuzzleExampleMap' took 1.546
[2020.05.06-12.38.31:532][  0]LogSlate: Updating window title bar state: overlay mode, drag disabled, window buttons hidden, title bar hidden
[2020.05.06-12.38.31:634][  0]LogSlate: Updating window title bar state: overlay mode, drag disabled, window buttons hidden, title bar hidden
[2020.05.06-12.38.31:651][  0]LogSlate: Updating window title bar state: overlay mode, drag disabled, window buttons hidden, title bar hidden
[2020.05.06-12.38.31:659][  0]LogSlate: Updating window title bar state: overlay mode, drag disabled, window buttons hidden, title bar hidden
[2020.05.06-12.38.31:984][  0]LogCollectionManager: Loaded 0 collections in 0.019725 seconds
[2020.05.06-12.38.32:403][  0]LogFileCache: Scanning file cache for directory 'D:/UE4/Projects/NineMensMorris/Saved/Collections/' took 0.00s
[2020.05.06-12.38.32:403][  0]LogFileCache: Scanning file cache for directory 'D:/UE4/Projects/NineMensMorris/Content/Developers/Norbert/Collections/' took 0.00s
[2020.05.06-12.38.32:403][  0]LogFileCache: Scanning file cache for directory 'D:/UE4/Projects/NineMensMorris/Content/Collections/' took 0.00s
[2020.05.06-12.38.32:403][  0]LogContentBrowser: Native class hierarchy populated in 0.0115 seconds. Added 3015 classes and 717 folders.
[2020.05.06-12.38.32:573][  0]LogContentBrowser: Native class hierarchy updated for 'WidgetCarousel' in 0.0006 seconds. Added 0 classes and 0 folders.
[2020.05.06-12.38.34:372][  0]LogContentBrowser: Native class hierarchy updated for 'AddContentDialog' in 0.0006 seconds. Added 0 classes and 0 folders.
[2020.05.06-12.38.34:517][  0]LogContentBrowser: Native class hierarchy updated for 'SceneOutliner' in 0.0004 seconds. Added 2 classes and 3 folders.
[2020.05.06-12.38.35:634][  0]LogSlate: Took 0.000368 seconds to synchronously load lazily loaded font '../../../Engine/Content/Slate/Fonts/Roboto-Regular.ttf' (155K)
[2020.05.06-12.38.35:639][  0]LogSlate: Took 0.000694 seconds to synchronously load lazily loaded font '../../../Engine/Content/Slate/Fonts/Roboto-Bold.ttf' (160K)
[2020.05.06-12.38.35:787][  0]LogSlate: Took 0.121378 seconds to synchronously load lazily loaded font '../../../Engine/Content/Editor/Slate/Fonts/FontAwesome.ttf' (139K)
[2020.05.06-12.38.36:416][  0]LogRenderer: Reallocating scene render targets to support 1208x572 Format 10 NumSamples 1 (Frame:1).
[2020.05.06-12.38.36:770][  0]LogContentBrowser: Native class hierarchy updated for 'HierarchicalLODOutliner' in 0.0004 seconds. Added 0 classes and 0 folders.
[2020.05.06-12.38.36:770][  0]LogLoad: (Engine Initialization) Total time: 17.47 seconds
[2020.05.06-12.38.36:770][  0]LogLoad: (Engine Initialization) Total Blueprint compile time: 0.00 seconds
[2020.05.06-12.38.36:887][  0]LogContentStreaming: Texture pool size now 1000 MB
[2020.05.06-12.38.37:078][  0]LogSlate: Took 0.014711 seconds to synchronously load lazily loaded font '../../../Engine/Content/Slate/Fonts/Roboto-Light.ttf' (167K)
[2020.05.06-12.38.37:961][ 10]LogAssetRegistry: Asset discovery search completed in 14.0826 seconds
[2020.05.06-12.38.37:966][ 10]LogCollectionManager: Fixed up redirectors for 0 collections in 0.000014 seconds (updated 0 objects)
[2020.05.06-12.40.55:179][638]LogTemp: Repeating last play command: Selected Viewport
[2020.05.06-12.40.55:201][638]LogBlueprintUserMessages: Early PlayInEditor Detection: Level '/Game/PuzzleBP/Maps/PuzzleExampleMap.PuzzleExampleMap:PersistentLevel' has LevelScriptBlueprint '/Game/PuzzleBP/Maps/PuzzleExampleMap.PuzzleExampleMap:PersistentLevel.PuzzleExampleMap' with GeneratedClass '/Game/PuzzleBP/Maps/PuzzleExampleMap.PuzzleExampleMap_C' with ClassGeneratedBy '/Game/PuzzleBP/Maps/PuzzleExampleMap.PuzzleExampleMap:PersistentLevel.PuzzleExampleMap'
[2020.05.06-12.40.55:201][638]LogPlayLevel: PlayLevel: No blueprints needed recompiling
[2020.05.06-12.40.55:264][638]PIE: New page: PIE session: PuzzleExampleMap (6 maj 2020, 14:40:55)
[2020.05.06-12.40.55:300][638]LogOnline: OSS: Creating online subsystem instance for: NULL
[2020.05.06-12.40.55:308][638]LogOnline: OSS: TryLoadSubsystemAndSetDefault: Loaded subsystem for module [NULL]
[2020.05.06-12.40.55:308][638]LogPlayLevel: Creating play world package: /Game/PuzzleBP/Maps/UEDPIE_0_PuzzleExampleMap
[2020.05.06-12.40.55:351][638]LogPlayLevel: PIE: StaticDuplicateObject took: (0.042847s)
[2020.05.06-12.40.55:353][638]LogAIModule: Creating AISystem for world PuzzleExampleMap
[2020.05.06-12.40.55:353][638]LogPlayLevel: PIE: World Init took: (0.001831s)
[2020.05.06-12.40.55:354][638]LogPlayLevel: PIE: Created PIE world by copying editor world from /Game/PuzzleBP/Maps/PuzzleExampleMap.PuzzleExampleMap to /Game/PuzzleBP/Maps/UEDPIE_0_PuzzleExampleMap.PuzzleExampleMap (0.045120s)
[2020.05.06-12.40.55:390][638]LogUObjectHash: Compacting FUObjectHashTables data took   2.37ms
[2020.05.06-12.40.55:391][638]LogAudioMixer: Display: Audio Mixer Platform Settings:
[2020.05.06-12.40.55:391][638]LogAudioMixer: Display: 	Sample Rate:						  48000
[2020.05.06-12.40.55:391][638]LogAudioMixer: Display: 	Callback Buffer Frame Size Requested: 1024
[2020.05.06-12.40.55:391][638]LogAudioMixer: Display: 	Callback Buffer Frame Size To Use:	  1024
[2020.05.06-12.40.55:391][638]LogAudioMixer: Display: 	Number of buffers to queue:			  2
[2020.05.06-12.40.55:391][638]LogAudioMixer: Display: 	Max Channels (voices):				  32
[2020.05.06-12.40.55:391][638]LogAudioMixer: Display: 	Number of Async Source Workers:		  0
[2020.05.06-12.40.55:391][638]LogAudio: Display: AudioDevice MaxSources: 32
[2020.05.06-12.40.55:392][638]LogAudio: Display: Using built-in audio occlusion.
[2020.05.06-12.40.55:392][638]LogAudioMixer: Display: Initializing audio mixer.
[2020.05.06-12.40.55:422][638]LogAudioMixer: Display: Audio Device Output Speaker Info:
[2020.05.06-12.40.55:422][638]LogAudioMixer: Display: Name: Speakers (2 — High Definition Audio Device)
[2020.05.06-12.40.55:422][638]LogAudioMixer: Display: Is Default: Yes
[2020.05.06-12.40.55:422][638]LogAudioMixer: Display: Sample Rate: 48000
[2020.05.06-12.40.55:422][638]LogAudioMixer: Display: Channel Count Used: 2
[2020.05.06-12.40.55:422][638]LogAudioMixer: Display: Device Channel Count: 2
[2020.05.06-12.40.55:422][638]LogAudioMixer: Display: Channel Order:
[2020.05.06-12.40.55:422][638]LogAudioMixer: Display: 0: FrontLeft
[2020.05.06-12.40.55:422][638]LogAudioMixer: Display: 1: FrontRight
[2020.05.06-12.40.55:545][638]LogAudioMixer: Display: Using Audio Device Speakers (2 — High Definition Audio Device)
[2020.05.06-12.40.55:549][638]LogInit: FAudioDevice initialized.
[2020.05.06-12.40.55:562][638]LogLoad: Game class is 'PuzzleGameMode_C'
[2020.05.06-12.40.55:596][638]LogWorld: Bringing World /Game/PuzzleBP/Maps/UEDPIE_0_PuzzleExampleMap.PuzzleExampleMap up for play (max tick rate 0) at 2020.05.06-13.40.55
[2020.05.06-12.40.55:597][638]LogWorld: Bringing up level for play took: 0.006058
[2020.05.06-12.40.55:598][638]LogOnline: OSS: Creating online subsystem instance for: :Context_4
[2020.05.06-12.40.55:979][638]LogContentBrowser: Native class hierarchy updated for 'MovieSceneCapture' in 0.0010 seconds. Added 20 classes and 0 folders.
[2020.05.06-12.40.56:018][638]PIE: Play in editor start time for /Game/PuzzleBP/Maps/UEDPIE_0_PuzzleExampleMap -0,123
[2020.05.06-12.40.56:019][638]LogBlueprintUserMessages: Late PlayInEditor Detection: Level '/Game/PuzzleBP/Maps/PuzzleExampleMap.PuzzleExampleMap:PersistentLevel' has LevelScriptBlueprint '/Game/PuzzleBP/Maps/PuzzleExampleMap.PuzzleExampleMap:PersistentLevel.PuzzleExampleMap' with GeneratedClass '/Game/PuzzleBP/Maps/PuzzleExampleMap.PuzzleExampleMap_C' with ClassGeneratedBy '/Game/PuzzleBP/Maps/PuzzleExampleMap.PuzzleExampleMap:PersistentLevel.PuzzleExampleMap'
[2020.05.06-12.40.57:290][756]LogBlueprintUserMessages: [PawnSpace_2] Pawn Placed
[2020.05.06-12.40.58:044][846]LogBlueprintUserMessages: [PawnSpace13] Pawn Placed
[2020.05.06-12.40.58:778][934]LogBlueprintUserMessages: [PawnSpace14] Pawn Placed
[2020.05.06-12.40.59:838][ 61]LogBlueprintUserMessages: [PawnSpace16] Pawn Placed
[2020.05.06-12.41.00:608][152]LogBlueprintUserMessages: [PawnSpace15] Pawn Placed
[2020.05.06-12.41.01:813][294]LogAudioMixer: Display: No commands were queued while flushing the source manager.
[2020.05.06-12.41.01:813][294]LogAudioMixer: Display: No commands were queued while flushing the source manager.
[2020.05.06-12.41.01:813][294]LogBlueprintUserMessages: Early EndPlayMap Detection: Level '/Game/PuzzleBP/Maps/PuzzleExampleMap.PuzzleExampleMap:PersistentLevel' has LevelScriptBlueprint '/Game/PuzzleBP/Maps/PuzzleExampleMap.PuzzleExampleMap:PersistentLevel.PuzzleExampleMap' with GeneratedClass '/Game/PuzzleBP/Maps/PuzzleExampleMap.PuzzleExampleMap_C' with ClassGeneratedBy '/Game/PuzzleBP/Maps/PuzzleExampleMap.PuzzleExampleMap:PersistentLevel.PuzzleExampleMap'
[2020.05.06-12.41.01:813][294]LogSlate: Updating window title bar state: overlay mode, drag disabled, window buttons hidden, title bar hidden
[2020.05.06-12.41.01:813][294]LogWorld: BeginTearingDown for /Game/PuzzleBP/Maps/UEDPIE_0_PuzzleExampleMap
[2020.05.06-12.41.01:813][294]LogAudioMixer: Display: No commands were queued while flushing the source manager.
[2020.05.06-12.41.01:833][294]LogWorld: UWorld::CleanupWorld for PuzzleExampleMap, bSessionEnded=true, bCleanupResources=true
[2020.05.06-12.41.01:834][294]LogSlate: InvalidateAllWidgets triggered.  All widgets were invalidated
[2020.05.06-12.41.01:840][294]LogPlayLevel: Display: Shutting down PIE online subsystems
[2020.05.06-12.41.01:840][294]LogBlueprintUserMessages: Late EndPlayMap Detection: Level '/Game/PuzzleBP/Maps/PuzzleExampleMap.PuzzleExampleMap:PersistentLevel' has LevelScriptBlueprint '/Game/PuzzleBP/Maps/PuzzleExampleMap.PuzzleExampleMap:PersistentLevel.PuzzleExampleMap' with GeneratedClass '/Game/PuzzleBP/Maps/PuzzleExampleMap.PuzzleExampleMap_C' with ClassGeneratedBy '/Game/PuzzleBP/Maps/PuzzleExampleMap.PuzzleExampleMap:PersistentLevel.PuzzleExampleMap'
[2020.05.06-12.41.01:844][294]LogSlate: InvalidateAllWidgets triggered.  All widgets were invalidated
[2020.05.06-12.41.01:922][294]LogAudioMixer: Display: No commands were queued while flushing the source manager.
[2020.05.06-12.41.01:929][294]LogSlate: Updating window title bar state: overlay mode, drag disabled, window buttons hidden, title bar hidden
[2020.05.06-12.41.01:957][294]LogUObjectHash: Compacting FUObjectHashTables data took   4.50ms
[2020.05.06-12.41.01:997][295]LogPlayLevel: Display: Destroying online subsystem :Context_4
[2020.05.06-12.48.55:646][ 60]LogSlate: Took 0.000378 seconds to synchronously load lazily loaded font '../../../Engine/Content/Slate/Fonts/Roboto-Light.ttf' (167K)
[2020.05.06-12.49.34:120][312]LogUProjectInfo: Found projects:
[2020.05.06-12.49.34:123][312]LogSlate: WidgetSwitcher ('None') active index changed to -1
[2020.05.06-12.49.34:123][312]LogSlate: WidgetSwitcher ('None') active index changed to 1
[2020.05.06-12.49.34:177][312]LogSlate: Took 0.000557 seconds to synchronously load lazily loaded font '../../../Engine/Content/Slate/Fonts/Roboto-BoldCondensed.ttf' (158K)
[2020.05.06-12.49.43:057][534]LogSlate: Window 'Message' being destroyed
[2020.05.06-12.49.44:640][686]LogSlate: Window 'Open Project' being destroyed
[2020.05.06-12.49.56:015][877]LogAudioMixer: Display: Audio Buffer Underrun detected.
[2020.05.06-12.50.56:941][197]LogAudioMixer: Display: Audio Buffer Underrun detected.
